  MD simulation for CO diffusion
 
  Ensemble:  NVT
 
  Number of steps:          1000
 
  Output interval:             1
 
  Time step:  0.500000E-03
 
  Temperature:     900.000
 
  Lattice constant:  0.274030E+01
 
  Supercell:         1         1
 
  Number of atoms            14
 
  Coordinates
  Ru    0.791070E+00  0.243599E+01  0.426507E+01
  Ru    0.316424E+01  0.106584E+01  0.426507E+01
  Ru    0.791070E+00 -0.304310E+00  0.426507E+01
  Ru    0.316424E+01 -0.167446E+01  0.426507E+01
  Ru    0.158176E+01  0.106581E+01  0.641455E+01
  Ru    0.395493E+01 -0.304340E+00  0.641455E+01
  Ru    0.158176E+01  0.380611E+01  0.641455E+01
  Ru    0.395493E+01  0.243596E+01  0.641455E+01
  Ru    0.791170E+00  0.243599E+01  0.847202E+01
  Ru    0.316433E+01  0.106584E+01  0.847202E+01
  Ru    0.791170E+00 -0.304310E+00  0.847202E+01
  Ru    0.316433E+01 -0.167446E+01  0.847202E+01
  C     0.338877E+01  0.107450E+01  0.104720E+02
  O     0.338877E+01  0.107450E+01  0.119720E+02
 
  Upper bound of z direction:     13.47202000
 
  Lower bound of potential energy:   -195.00000000 eV
  Lower bound of potential energy:   -0.18814640E+07
 
  Number of freedom:      42
 
  Debug:          disable
 
            Step:      Temperature (K)      Potential (eV)      Total energy ( eV)
--------------------------------------------------------------------------------
               1           642.881   -1.89078337E+02   -1.87914948E+02
               2           578.483   -1.89107535E+02   -1.88060683E+02
               3           577.269   -1.89169751E+02   -1.88125096E+02
               4           612.704   -1.89265238E+02   -1.88156458E+02
               5           678.285   -1.89394378E+02   -1.88166919E+02
               6           771.073   -1.89557293E+02   -1.88161920E+02
               7           887.825   -1.89753293E+02   -1.88146640E+02
               8          1022.621   -1.89980097E+02   -1.88129510E+02
               9          1164.884   -1.90232816E+02   -1.88124781E+02
              10          1298.149   -1.90502776E+02   -1.88153580E+02
              11          1400.658   -1.90776465E+02   -1.88241762E+02
              12          1449.754   -1.91035135E+02   -1.88411587E+02
              13          1431.880   -1.91255960E+02   -1.88664757E+02
              14          1353.935   -1.91415330E+02   -1.88965180E+02
              15          1239.879   -1.91492974E+02   -1.89249225E+02
              16          1108.175   -1.91474498E+02   -1.89469088E+02
              17           959.954   -1.91353731E+02   -1.89616548E+02
              18           792.446   -1.91138859E+02   -1.89704809E+02
              19           614.752   -1.90860473E+02   -1.89747986E+02
              20           451.021   -1.90574053E+02   -1.89757862E+02
              21           334.017   -1.90350486E+02   -1.89746031E+02
              22           294.967   -1.90254608E+02   -1.89720820E+02
              23           353.637   -1.90320157E+02   -1.89680197E+02
              24           510.162   -1.90533919E+02   -1.89610703E+02
              25           738.411   -1.90838163E+02   -1.89501897E+02
              26           986.650   -1.91152099E+02   -1.89366606E+02
              27          1195.352   -1.91403200E+02   -1.89240030E+02
              28          1322.361   -1.91550477E+02   -1.89157466E+02
              29          1354.429   -1.91587852E+02   -1.89136808E+02
              30          1302.786   -1.91532900E+02   -1.89175311E+02
              31          1192.491   -1.91412912E+02   -1.89254918E+02
              32          1052.090   -1.91255101E+02   -1.89351185E+02
              33           906.076   -1.91081867E+02   -1.89442185E+02
              34           771.217   -1.90909626E+02   -1.89513991E+02
              35           656.637   -1.90749510E+02   -1.89561226E+02
              36           566.136   -1.90608738E+02   -1.89584229E+02
              37           500.873   -1.90491929E+02   -1.89585522E+02
              38           461.363   -1.90402150E+02   -1.89567245E+02
              39           448.643   -1.90341668E+02   -1.89529780E+02
              40           464.686   -1.90312489E+02   -1.89471570E+02
              41           511.710   -1.90316715E+02   -1.89390698E+02
              42           589.837   -1.90356533E+02   -1.89289133E+02
              43           694.169   -1.90433580E+02   -1.89177375E+02
              44           815.327   -1.90547723E+02   -1.89072266E+02
              45           944.287   -1.90695977E+02   -1.88987147E+02
              46          1074.403   -1.90871959E+02   -1.88927664E+02
              47          1197.545   -1.91065315E+02   -1.88898176E+02
              48          1300.223   -1.91260768E+02   -1.88907819E+02
              49          1363.963   -1.91437521E+02   -1.88969223E+02
              50          1370.335   -1.91570347E+02   -1.89090518E+02
              51          1308.974   -1.91633506E+02   -1.89264719E+02
              52          1184.292   -1.91607482E+02   -1.89464328E+02
              53          1014.906   -1.91486523E+02   -1.89649898E+02
              54           825.608   -1.91284031E+02   -1.89789969E+02
              55           640.643   -1.91033987E+02   -1.89874646E+02
              56           483.349   -1.90787237E+02   -1.89912545E+02
              57           376.669   -1.90600924E+02   -1.89919283E+02
              58           339.581   -1.90521661E+02   -1.89907137E+02
              59           381.015   -1.90568396E+02   -1.89878892E+02
              60           494.889   -1.90723563E+02   -1.89827986E+02
              61           657.894   -1.90937653E+02   -1.89747094E+02
              62           831.716   -1.91145652E+02   -1.89640536E+02
              63           973.174   -1.91288468E+02   -1.89527363E+02
              64          1050.006   -1.91330000E+02   -1.89429854E+02
              65          1051.402   -1.91262766E+02   -1.89360095E+02
              66           986.896   -1.91102422E+02   -1.89316485E+02
              67           877.795   -1.90877239E+02   -1.89288737E+02
              68           748.025   -1.90618506E+02   -1.89264842E+02
              69           618.210   -1.90354575E+02   -1.89235830E+02
              70           503.539   -1.90108481E+02   -1.89197252E+02
              71           414.267   -1.89897912E+02   -1.89148233E+02
              72           357.417   -1.89736279E+02   -1.89089479E+02
              73           338.687   -1.89634041E+02   -1.89021137E+02
              74           363.704   -1.89599485E+02   -1.88941307E+02
              75           437.535   -1.89638268E+02   -1.88846481E+02
              76           562.145   -1.89751625E+02   -1.88734339E+02
              77           733.250   -1.89934023E+02   -1.88607097E+02
              78           938.046   -1.90171246E+02   -1.88473711E+02
              79          1153.902   -1.90439328E+02   -1.88351169E+02
              80          1348.378   -1.90704527E+02   -1.88264434E+02
              81          1482.731   -1.90925373E+02   -1.88242147E+02
              82          1521.473   -1.91058711E+02   -1.88305376E+02
              83          1447.354   -1.91070897E+02   -1.88451691E+02
              84          1274.175   -1.90951719E+02   -1.88645907E+02
              85          1044.918   -1.90724214E+02   -1.88833276E+02
              86           813.171   -1.90443578E+02   -1.88972022E+02
              87           624.959   -1.90184369E+02   -1.89053411E+02
              88           512.668   -1.90019619E+02   -1.89091869E+02
              89           493.389   -1.89997062E+02   -1.89104200E+02
              90           565.686   -1.90121565E+02   -1.89097871E+02
              91           708.260   -1.90353718E+02   -1.89072015E+02
              92           884.070   -1.90626428E+02   -1.89026570E+02
              93          1049.761   -1.90870575E+02   -1.88970874E+02
              94          1167.705   -1.91036738E+02   -1.88923600E+02
              95          1216.077   -1.91104527E+02   -1.88903851E+02
              96          1192.500   -1.91079378E+02   -1.88921369E+02
              97          1110.488   -1.90982515E+02   -1.88972919E+02
              98           991.856   -1.90840460E+02   -1.89045547E+02
              99           859.072   -1.90677764E+02   -1.89123143E+02
             100           730.107   -1.90513603E+02   -1.89192364E+02
             101           616.550   -1.90361258E+02   -1.89245517E+02
             102           524.395   -1.90229081E+02   -1.89280109E+02
             103           456.286   -1.90121873E+02   -1.89296154E+02
             104           414.314   -1.90042076E+02   -1.89292313E+02
             105           403.180   -1.89990604E+02   -1.89260988E+02
             106           433.065   -1.89967580E+02   -1.89183884E+02
             107           516.079   -1.89973366E+02   -1.89039444E+02
             108           646.539   -1.90009095E+02   -1.88839086E+02
             109           793.612   -1.90074724E+02   -1.88638563E+02
             110           935.385   -1.90166987E+02   -1.88474267E+02
             111          1067.642   -1.90279997E+02   -1.88347937E+02
             112          1186.746   -1.90405844E+02   -1.88258248E+02
             113          1283.692   -1.90534350E+02   -1.88211314E+02
             114          1346.184   -1.90652864E+02   -1.88216740E+02
             115          1362.320   -1.90746692E+02   -1.88281368E+02
             116          1324.902   -1.90800553E+02   -1.88402942E+02
             117          1235.610   -1.90801374E+02   -1.88565351E+02
             118          1106.425   -1.90742112E+02   -1.88739869E+02
             119           956.009   -1.90625437E+02   -1.88895394E+02
             120           803.596   -1.90465882E+02   -1.89011654E+02
             121           665.954   -1.90289524E+02   -1.89084380E+02
             122           558.090   -1.90130345E+02   -1.89120396E+02
             123           493.563   -1.90022733E+02   -1.89129555E+02
             124           482.227   -1.89991467E+02   -1.89118805E+02
             125           526.867   -1.90043082E+02   -1.89089636E+02
             126           620.908   -1.90162900E+02   -1.89039274E+02
             127           748.215   -1.90319525E+02   -1.88965516E+02
             128           885.359   -1.90474858E+02   -1.88872667E+02
             129          1006.695   -1.90595339E+02   -1.88773572E+02
             130          1091.281   -1.90659985E+02   -1.88685147E+02
             131          1128.301   -1.90662747E+02   -1.88620915E+02
             132          1118.202   -1.90609767E+02   -1.88586211E+02
             133          1069.906   -1.90514224E+02   -1.88578068E+02
             134           996.494   -1.90391480E+02   -1.88588174E+02
             135           911.403   -1.90255843E+02   -1.88606521E+02
             136           826.061   -1.90119046E+02   -1.88624164E+02
             137           749.011   -1.89989951E+02   -1.88634503E+02
             138           686.178   -1.89874875E+02   -1.88633132E+02
             139           641.846   -1.89778149E+02   -1.88616632E+02
             140           620.066   -1.89702658E+02   -1.88580555E+02
             141           626.436   -1.89650288E+02   -1.88516658E+02
             142           669.772   -1.89622333E+02   -1.88410279E+02
             143           760.627   -1.89619938E+02   -1.88243470E+02
             144           899.887   -1.89644404E+02   -1.88015923E+02
             145          1063.750   -1.89696529E+02   -1.87771513E+02
             146          1216.106   -1.89774994E+02   -1.87574267E+02
             147          1336.522   -1.89875688E+02   -1.87457050E+02
             148          1420.664   -1.89992321E+02   -1.87421415E+02
             149          1467.232   -1.90116940E+02   -1.87461763E+02
             150          1473.844   -1.90240142E+02   -1.87572998E+02
             151          1440.016   -1.90351504E+02   -1.87745577E+02
             152          1370.773   -1.90440536E+02   -1.87959916E+02
             153          1276.830   -1.90498031E+02   -1.88187414E+02
             154          1170.404   -1.90517439E+02   -1.88399415E+02
             155          1060.400   -1.90496028E+02   -1.88577075E+02
             156           951.606   -1.90435991E+02   -1.88713915E+02
             157           847.529   -1.90345452E+02   -1.88811720E+02
             158           753.178   -1.90238703E+02   -1.88875714E+02
             159           675.741   -1.90134738E+02   -1.88911881E+02
             160           623.305   -1.90053656E+02   -1.88925691E+02
             161           602.588   -1.90011625E+02   -1.88921151E+02
             162           616.654   -1.90016092E+02   -1.88900163E+02
             163           663.385   -1.90063266E+02   -1.88862770E+02
             164           735.185   -1.90139083E+02   -1.88808654E+02
             165           819.980   -1.90223319E+02   -1.88739441E+02
             166           903.398   -1.90295218E+02   -1.88660384E+02
             167           971.796   -1.90338552E+02   -1.88579941E+02
             168          1015.318   -1.90344565E+02   -1.88507192E+02
             169          1029.804   -1.90312309E+02   -1.88448723E+02
             170          1016.850   -1.90246964E+02   -1.88406821E+02
             171           982.323   -1.90157283E+02   -1.88379621E+02
             172           934.239   -1.90053193E+02   -1.88362547E+02
             173           880.877   -1.89944115E+02   -1.88350036E+02
             174           829.592   -1.89838075E+02   -1.88336803E+02
             175           786.381   -1.89741420E+02   -1.88318344E+02
             176           756.044   -1.89658914E+02   -1.88290738E+02
             177           742.706   -1.89593968E+02   -1.88249929E+02
             178           750.489   -1.89548929E+02   -1.88190805E+02
             179           783.993   -1.89525324E+02   -1.88106571E+02
             180           847.976   -1.89524071E+02   -1.87989530E+02
             181           945.161   -1.89545539E+02   -1.87835127E+02
             182          1071.832   -1.89589328E+02   -1.87649686E+02
             183          1214.244   -1.89653617E+02   -1.87456258E+02
             184          1350.751   -1.89734334E+02   -1.87289946E+02
             185          1458.637   -1.89824666E+02   -1.87185041E+02
             186          1519.634   -1.89915231E+02   -1.87165224E+02
             187          1522.593   -1.89994911E+02   -1.87239549E+02
             188          1466.217   -1.90052375E+02   -1.87399034E+02
             189          1362.083   -1.90078207E+02   -1.87613312E+02
             190          1232.857   -1.90067056E+02   -1.87836016E+02
             191          1101.808   -1.90018899E+02   -1.88025010E+02
             192           982.122   -1.89939311E+02   -1.88162013E+02
             193           877.536   -1.89839458E+02   -1.88251424E+02
             194           790.141   -1.89735553E+02   -1.88305673E+02
             195           724.678   -1.89646596E+02   -1.88335181E+02
             196           687.307   -1.89590107E+02   -1.88346322E+02
             197           682.381   -1.89577197E+02   -1.88342326E+02
             198           709.947   -1.89609088E+02   -1.88324332E+02
             199           764.872   -1.89676688E+02   -1.88292536E+02
             200           837.554   -1.89763434E+02   -1.88247754E+02
             201           915.770   -1.89850170E+02   -1.88192946E+02
             202           987.109   -1.89920113E+02   -1.88133790E+02
             203          1041.367   -1.89962272E+02   -1.88077762E+02
             204          1072.268   -1.89972596E+02   -1.88032164E+02
             205          1078.065   -1.89953140E+02   -1.88002219E+02
             206          1060.979   -1.89910122E+02   -1.87990120E+02
             207          1025.913   -1.89851771E+02   -1.87995227E+02
             208           978.976   -1.89786600E+02   -1.88014996E+02
             209           926.256   -1.89722295E+02   -1.88046094E+02
             210           873.039   -1.89665176E+02   -1.88085280E+02
             211           823.465   -1.89620053E+02   -1.88129869E+02
             212           780.555   -1.89590287E+02   -1.88177755E+02
             213           746.458   -1.89577940E+02   -1.88227112E+02
             214           722.765   -1.89583936E+02   -1.88275984E+02
             215           710.713   -1.89608223E+02   -1.88322081E+02
             216           711.136   -1.89649903E+02   -1.88362995E+02
             217           724.210   -1.89707319E+02   -1.88396752E+02
             218           749.187   -1.89778056E+02   -1.88422288E+02
             219           784.261   -1.89858849E+02   -1.88439611E+02
             220           826.494   -1.89945455E+02   -1.88449789E+02
             221           871.774   -1.90032543E+02   -1.88454935E+02
             222           914.872   -1.90113744E+02   -1.88458145E+02
             223           949.786   -1.90181988E+02   -1.88463206E+02
             224           970.540   -1.90230284E+02   -1.88473946E+02
             225           972.429   -1.90253029E+02   -1.88493271E+02
             226           953.502   -1.90247709E+02   -1.88522203E+02
             227           915.765   -1.90216589E+02   -1.88559374E+02
             228           865.512   -1.90167635E+02   -1.88601360E+02
             229           812.376   -1.90113916E+02   -1.88643799E+02
             230           767.213   -1.90071121E+02   -1.88682732E+02
             231           739.488   -1.90053661E+02   -1.88715445E+02
             232           735.015   -1.90070608E+02   -1.88740487E+02
             233           754.717   -1.90123018E+02   -1.88757243E+02
             234           794.606   -1.90203633E+02   -1.88765673E+02
             235           846.781   -1.90298951E+02   -1.88766572E+02
             236           901.074   -1.90392728E+02   -1.88762099E+02
             237           946.955   -1.90469613E+02   -1.88755955E+02
             238           975.455   -1.90517950E+02   -1.88752716E+02
             239           980.837   -1.90531314E+02   -1.88756341E+02
             240           961.648   -1.90508799E+02   -1.88768551E+02
             241           920.802   -1.90454311E+02   -1.88787980E+02
             242           864.617   -1.90375229E+02   -1.88810573E+02
             243           801.195   -1.90280817E+02   -1.88830933E+02
             244           738.826   -1.90180791E+02   -1.88843773E+02
             245           684.955   -1.90084273E+02   -1.88844742E+02
             246           645.881   -1.89999188E+02   -1.88830368E+02
             247           627.018   -1.89932022E+02   -1.88797339E+02
             248           633.344   -1.89887779E+02   -1.88741647E+02
             249           669.494   -1.89869992E+02   -1.88658440E+02
             250           738.636   -1.89880586E+02   -1.88543913E+02
             251           839.493   -1.89919350E+02   -1.88400161E+02
             252           962.881   -1.89982828E+02   -1.88240350E+02
             253          1091.592   -1.90063010E+02   -1.88087608E+02
             254          1204.919   -1.90146841E+02   -1.87966358E+02
             255          1283.936   -1.90217457E+02   -1.87893981E+02
             256          1314.923   -1.90257288E+02   -1.87877736E+02
             257          1291.970   -1.90252547E+02   -1.87914532E+02
             258          1219.198   -1.90197973E+02   -1.87991650E+02
             259          1110.918   -1.90100042E+02   -1.88089668E+02
             260           988.343   -1.89976898E+02   -1.88188342E+02
             261           873.883   -1.89854387E+02   -1.88272964E+02
             262           785.820   -1.89759249E+02   -1.88337190E+02
             263           735.177   -1.89711666E+02   -1.88381252E+02
             264           724.711   -1.89719631E+02   -1.88408157E+02
             265           749.372   -1.89777105E+02   -1.88421003E+02
             266           798.025   -1.89866595E+02   -1.88422449E+02
             267           856.247   -1.89964971E+02   -1.88415463E+02
             268           909.677   -1.90050112E+02   -1.88403913E+02
             269           947.058   -1.90106010E+02   -1.88392166E+02
             270           962.146   -1.90125051E+02   -1.88383902E+02
             271           954.107   -1.90107573E+02   -1.88380973E+02
             272           926.548   -1.90059708E+02   -1.88382979E+02
             273           885.824   -1.89990664E+02   -1.88387631E+02
             274           839.324   -1.89910364E+02   -1.88391480E+02
             275           794.260   -1.89827833E+02   -1.88390499E+02
             276           757.145   -1.89750371E+02   -1.88380203E+02
             277           733.880   -1.89683326E+02   -1.88355260E+02
             278           730.205   -1.89630246E+02   -1.88308829E+02
             279           752.046   -1.89593220E+02   -1.88232279E+02
             280           804.879   -1.89573300E+02   -1.88116749E+02
             281           890.956   -1.89570837E+02   -1.87958517E+02
             282          1004.728   -1.89585573E+02   -1.87767366E+02
             283          1131.022   -1.89616377E+02   -1.87569621E+02
             284          1250.187   -1.89660874E+02   -1.87398472E+02
             285          1345.459   -1.89715352E+02   -1.87280540E+02
             286          1405.785   -1.89775008E+02   -1.87231028E+02
             287          1425.135   -1.89834356E+02   -1.87255359E+02
             288          1402.186   -1.89887716E+02   -1.87350248E+02
             289          1341.344   -1.89929800E+02   -1.87502435E+02
             290          1253.396   -1.89956342E+02   -1.87688132E+02
             291          1153.248   -1.89964612E+02   -1.87877635E+02
             292          1054.565   -1.89953648E+02   -1.88045253E+02
             293           965.249   -1.89924283E+02   -1.88177519E+02
             294           887.358   -1.89879210E+02   -1.88273402E+02
             295           820.325   -1.89823151E+02   -1.88338649E+02
             296           764.107   -1.89762860E+02   -1.88380093E+02
             297           720.469   -1.89706609E+02   -1.88402812E+02
             298           692.581   -1.89663012E+02   -1.88409681E+02
             299           683.858   -1.89639402E+02   -1.88401858E+02
             300           696.753   -1.89640206E+02   -1.88379326E+02
             301           731.874   -1.89665840E+02   -1.88341404E+02
             302           787.438   -1.89712512E+02   -1.88287524E+02
             303           859.044   -1.89772997E+02   -1.88218427E+02
             304           939.777   -1.89838167E+02   -1.88137499E+02
             305          1020.825   -1.89898831E+02   -1.88051493E+02
             306          1092.710   -1.89947414E+02   -1.87969990E+02
             307          1146.902   -1.89979100E+02   -1.87903607E+02
             308          1177.265   -1.89992233E+02   -1.87861795E+02
             309          1180.821   -1.89988053E+02   -1.87851180E+02
             310          1157.739   -1.89969972E+02   -1.87874868E+02
             311          1110.801   -1.89942689E+02   -1.87932526E+02
             312          1044.741   -1.89911345E+02   -1.88020728E+02
             313           965.770   -1.89880856E+02   -1.88133149E+02
             314           881.237   -1.89855432E+02   -1.88260700E+02
             315           799.048   -1.89838302E+02   -1.88392305E+02
             316           726.490   -1.89831641E+02   -1.88516948E+02
             317           668.878   -1.89836666E+02   -1.88626230E+02
             318           628.954   -1.89853844E+02   -1.88715658E+02
             319           607.329   -1.89883090E+02   -1.88784036E+02
             320           603.316   -1.89923884E+02   -1.88832093E+02
             321           615.582   -1.89975299E+02   -1.88861310E+02
             322           642.618   -1.90035942E+02   -1.88873027E+02
             323           682.991   -1.90103877E+02   -1.88867901E+02
             324           735.362   -1.90176549E+02   -1.88845800E+02
             325           798.352   -1.90250746E+02   -1.88806008E+02
             326           870.341   -1.90322629E+02   -1.88747616E+02
             327           949.229   -1.90387889E+02   -1.88670115E+02
             328          1032.147   -1.90442082E+02   -1.88574256E+02
             329          1115.169   -1.90481240E+02   -1.88463173E+02
             330          1193.242   -1.90502783E+02   -1.88343432E+02
             331          1260.586   -1.90506663E+02   -1.88225442E+02
             332          1311.617   -1.90496431E+02   -1.88122861E+02
             333          1341.830   -1.90479589E+02   -1.88051345E+02
             334          1347.840   -1.90466565E+02   -1.88027445E+02
             335          1326.557   -1.90468027E+02   -1.88067422E+02
             336          1275.269   -1.90491223E+02   -1.88183430E+02
             337          1195.389   -1.90537060E+02   -1.88373824E+02
             338          1098.328   -1.90599843E+02   -1.88612252E+02
             339          1003.828   -1.90670070E+02   -1.88853492E+02
             340           927.226   -1.90738176E+02   -1.89060220E+02
             341           871.074   -1.90796675E+02   -1.89220335E+02
             342           829.550   -1.90840600E+02   -1.89339405E+02
             343           795.866   -1.90867375E+02   -1.89427135E+02
             344           765.636   -1.90876573E+02   -1.89491039E+02
             345           737.098   -1.90869539E+02   -1.89535648E+02
             346           710.349   -1.90848876E+02   -1.89563393E+02
             347           686.601   -1.90817927E+02   -1.89575420E+02
             348           667.688   -1.90780315E+02   -1.89572032E+02
             349           655.804   -1.90739598E+02   -1.89552821E+02
             350           653.377   -1.90699044E+02   -1.89516659E+02
             351           662.970   -1.90661504E+02   -1.89461760E+02
             352           687.003   -1.90629361E+02   -1.89386125E+02
             353           727.086   -1.90604537E+02   -1.89288765E+02
             354           782.834   -1.90588499E+02   -1.89171842E+02
             355           850.732   -1.90582226E+02   -1.89042698E+02
             356           924.211   -1.90586090E+02   -1.88913591E+02
             357           995.519   -1.90599698E+02   -1.88798155E+02
             358          1058.068   -1.90621786E+02   -1.88707052E+02
             359          1107.506   -1.90650247E+02   -1.88646047E+02
             360          1141.383   -1.90682268E+02   -1.88616762E+02
             361          1158.411   -1.90714534E+02   -1.88618214E+02
             362          1158.094   -1.90743496E+02   -1.88647750E+02
             363          1140.794   -1.90765679E+02   -1.88701240E+02
             364          1107.965   -1.90778033E+02   -1.88773003E+02
             365          1062.257   -1.90778289E+02   -1.88855975E+02
             366          1007.352   -1.90765279E+02   -1.88942323E+02
             367           947.553   -1.90739153E+02   -1.89024413E+02
             368           887.302   -1.90701458E+02   -1.89095751E+02
             369           830.773   -1.90655056E+02   -1.89151647E+02
             370           781.501   -1.90603850E+02   -1.89189605E+02
             371           742.051   -1.90552353E+02   -1.89209500E+02
             372           713.788   -1.90505114E+02   -1.89213406E+02
             373           696.969   -1.90466045E+02   -1.89204773E+02
             374           691.150   -1.90437738E+02   -1.89186998E+02
             375           695.532   -1.90420932E+02   -1.89162261E+02
             376           708.970   -1.90414334E+02   -1.89131346E+02
             377           729.819   -1.90414905E+02   -1.89094188E+02
             378           755.937   -1.90418520E+02   -1.89050537E+02
             379           784.885   -1.90420790E+02   -1.89000421E+02
             380           814.226   -1.90417833E+02   -1.88944368E+02
             381           841.832   -1.90406842E+02   -1.88883418E+02
             382           866.119   -1.90386355E+02   -1.88818981E+02
             383           886.184   -1.90356281E+02   -1.88752598E+02
             384           901.836   -1.90317715E+02   -1.88685706E+02
             385           913.537   -1.90272636E+02   -1.88619452E+02
             386           922.258   -1.90223574E+02   -1.88554609E+02
             387           929.300   -1.90173292E+02   -1.88491583E+02
             388           936.105   -1.90124519E+02   -1.88430495E+02
             389           944.078   -1.90079749E+02   -1.88371297E+02
             390           954.442   -1.90041095E+02   -1.88313889E+02
             391           968.138   -1.90010196E+02   -1.88258203E+02
             392           985.778   -1.89988146E+02   -1.88204231E+02
             393          1007.672   -1.89975447E+02   -1.88151912E+02
             394          1033.982   -1.89971965E+02   -1.88100818E+02
             395          1065.020   -1.89976891E+02   -1.88049577E+02
             396          1101.538   -1.89988720E+02   -1.87995321E+02
             397          1144.236   -1.90005237E+02   -1.87934569E+02
             398          1191.129   -1.90023525E+02   -1.87867997E+02
             399          1234.128   -1.90039988E+02   -1.87806647E+02
             400          1260.416   -1.90050555E+02   -1.87769642E+02
             401          1258.256   -1.90051223E+02   -1.87774218E+02
             402          1221.195   -1.90038941E+02   -1.87829003E+02
             403          1149.604   -1.90012584E+02   -1.87932202E+02
             404          1051.128   -1.89973676E+02   -1.88071501E+02
             405           939.628   -1.89926462E+02   -1.88226062E+02
             406           831.296   -1.89877144E+02   -1.88372789E+02
             407           739.231   -1.89832543E+02   -1.88494793E+02
             408           670.375   -1.89798746E+02   -1.88585601E+02
             409           626.313   -1.89780076E+02   -1.88646669E+02
             410           605.642   -1.89778437E+02   -1.88682436E+02
             411           605.682   -1.89793038E+02   -1.88696965E+02
             412           623.209   -1.89820595E+02   -1.88692804E+02
             413           654.716   -1.89855995E+02   -1.88671188E+02
             414           696.545   -1.89893288E+02   -1.88632784E+02
             415           744.980   -1.89926748E+02   -1.88578594E+02
             416           796.282   -1.89951786E+02   -1.88510794E+02
             417           846.729   -1.89965571E+02   -1.88433287E+02
             418           892.763   -1.89967295E+02   -1.88351705E+02
             419           931.366   -1.89958123E+02   -1.88272677E+02
             420           960.609   -1.89940858E+02   -1.88202491E+02
             421           980.149   -1.89919405E+02   -1.88145677E+02
             422           991.312   -1.89898147E+02   -1.88104218E+02
             423           996.621   -1.89881342E+02   -1.88077806E+02
             424           998.990   -1.89872639E+02   -1.88064814E+02
             425          1000.985   -1.89874766E+02   -1.88063332E+02
             426          1004.349   -1.89889359E+02   -1.88071838E+02
             427          1009.824   -1.89916906E+02   -1.88089477E+02
             428          1017.155   -1.89956766E+02   -1.88116069E+02
             429          1025.219   -1.90007243E+02   -1.88151954E+02
             430          1032.227   -1.90065706E+02   -1.88197735E+02
             431          1036.019   -1.90128761E+02   -1.88253929E+02
             432          1034.418   -1.90192486E+02   -1.88320549E+02
             433          1025.648   -1.90252743E+02   -1.88396677E+02
             434          1008.715   -1.90305558E+02   -1.88480137E+02
             435           983.682   -1.90347546E+02   -1.88567426E+02
             436           951.737   -1.90376341E+02   -1.88654028E+02
             437           915.023   -1.90390959E+02   -1.88735086E+02
             438           876.294   -1.90392035E+02   -1.88806248E+02
             439           838.558   -1.90381869E+02   -1.88864372E+02
             440           804.784   -1.90364235E+02   -1.88907857E+02
             441           777.713   -1.90343922E+02   -1.88936534E+02
             442           759.680   -1.90326033E+02   -1.88951278E+02
             443           752.373   -1.90315096E+02   -1.88953562E+02
             444           756.523   -1.90314176E+02   -1.88945133E+02
             445           771.602   -1.90324212E+02   -1.88927882E+02
             446           795.673   -1.90343776E+02   -1.88903886E+02
             447           825.509   -1.90369367E+02   -1.88875484E+02
             448           857.032   -1.90396178E+02   -1.88845249E+02
             449           885.987   -1.90419111E+02   -1.88815784E+02
             450           908.693   -1.90433765E+02   -1.88789349E+02
             451           922.635   -1.90437140E+02   -1.88767492E+02
             452           926.773   -1.90427941E+02   -1.88750806E+02
             453           921.507   -1.90406507E+02   -1.88738900E+02
             454           908.397   -1.90374468E+02   -1.88730586E+02
             455           889.741   -1.90334295E+02   -1.88724174E+02
             456           868.154   -1.90288860E+02   -1.88717804E+02
             457           846.210   -1.90241064E+02   -1.88709718E+02
             458           826.203   -1.90193595E+02   -1.88698456E+02
             459           809.995   -1.90148768E+02   -1.88682960E+02
             460           798.949   -1.90108455E+02   -1.88662636E+02
             461           793.892   -1.90074064E+02   -1.88637397E+02
             462           795.088   -1.90046537E+02   -1.88607706E+02
             463           802.238   -1.90026361E+02   -1.88574591E+02
             464           814.518   -1.90013570E+02   -1.88539576E+02
             465           830.708   -1.90007739E+02   -1.88504446E+02
             466           849.378   -1.90007976E+02   -1.88470898E+02
             467           869.061   -1.90012927E+02   -1.88440229E+02
             468           888.312   -1.90020796E+02   -1.88413261E+02
             469           905.672   -1.90029406E+02   -1.88390455E+02
             470           919.644   -1.90036305E+02   -1.88372070E+02
             471           928.764   -1.90038938E+02   -1.88358199E+02
             472           931.774   -1.90034887E+02   -1.88348702E+02
             473           927.862   -1.90022191E+02   -1.88343085E+02
             474           916.906   -1.89999704E+02   -1.88340424E+02
             475           899.666   -1.89967440E+02   -1.88339358E+02
             476           877.868   -1.89926817E+02   -1.88338182E+02
             477           854.137   -1.89880686E+02   -1.88334996E+02
             478           831.768   -1.89833075E+02   -1.88327866E+02
             479           814.370   -1.89788627E+02   -1.88314902E+02
             480           805.447   -1.89751794E+02   -1.88294216E+02
             481           808.031   -1.89725968E+02   -1.88263713E+02
             482           824.470   -1.89712770E+02   -1.88220767E+02
             483           856.439   -1.89711687E+02   -1.88161831E+02
             484           905.136   -1.89720164E+02   -1.88082183E+02
             485           971.347   -1.89734102E+02   -1.87976303E+02
             486          1054.788   -1.89748588E+02   -1.87839790E+02
             487          1152.246   -1.89758663E+02   -1.87673499E+02
             488          1255.290   -1.89760031E+02   -1.87488394E+02
             489          1350.030   -1.89749699E+02   -1.87306616E+02
             490          1420.509   -1.89726507E+02   -1.87155881E+02
             491          1453.498   -1.89691368E+02   -1.87061043E+02
             492          1441.047   -1.89647074E+02   -1.87039282E+02
             493          1379.730   -1.89597755E+02   -1.87100926E+02
             494          1268.187   -1.89548210E+02   -1.87253233E+02
             495          1108.239   -1.89503289E+02   -1.87497763E+02
             496           919.982   -1.89467202E+02   -1.87802357E+02
             497           754.325   -1.89442534E+02   -1.88077469E+02
             498           651.194   -1.89429898E+02   -1.88251464E+02
             499           604.928   -1.89429129E+02   -1.88334420E+02
             500           593.504   -1.89440137E+02   -1.88366102E+02
             501           603.248   -1.89462748E+02   -1.88371079E+02
             502           628.982   -1.89496449E+02   -1.88358211E+02
             503           668.928   -1.89540297E+02   -1.88329772E+02
             504           721.937   -1.89592839E+02   -1.88286385E+02
             505           786.297   -1.89651999E+02   -1.88229076E+02
             506           859.053   -1.89714970E+02   -1.88160384E+02
             507           935.620   -1.89778161E+02   -1.88085015E+02
             508          1009.816   -1.89837290E+02   -1.88009876E+02
             509          1074.458   -1.89887717E+02   -1.87943323E+02
             510          1122.468   -1.89925075E+02   -1.87893800E+02
             511          1148.204   -1.89946170E+02   -1.87868321E+02
             512          1148.679   -1.89949993E+02   -1.87871286E+02
             513          1124.309   -1.89938561E+02   -1.87903955E+02
             514          1078.943   -1.89917193E+02   -1.87964682E+02
             515          1019.079   -1.89893892E+02   -1.88049714E+02
             516           952.449   -1.89877749E+02   -1.88154148E+02
             517           886.429   -1.89876714E+02   -1.88272586E+02
             518           826.815   -1.89895508E+02   -1.88399260E+02
             519           777.280   -1.89934494E+02   -1.88527888E+02
             520           739.453   -1.89989974E+02   -1.88651823E+02
             521           713.286   -1.90055616E+02   -1.88764818E+02
             522           697.494   -1.90124277E+02   -1.88862057E+02
             523           690.023   -1.90189497E+02   -1.88940797E+02
             524           688.559   -1.90246361E+02   -1.89000310E+02
             525           691.007   -1.90291808E+02   -1.89041326E+02
             526           695.864   -1.90324555E+02   -1.89065283E+02
             527           702.426   -1.90344819E+02   -1.89073673E+02
             528           710.819   -1.90353944E+02   -1.89067610E+02
             529           721.888   -1.90354012E+02   -1.89047647E+02
             530           737.013   -1.90347493E+02   -1.89013757E+02
             531           757.898   -1.90336967E+02   -1.88965437E+02
             532           786.335   -1.90324936E+02   -1.88901944E+02
             533           823.896   -1.90313702E+02   -1.88822738E+02
             534           871.493   -1.90305312E+02   -1.88728213E+02
             535           928.833   -1.90301526E+02   -1.88620663E+02
             536           993.911   -1.90303794E+02   -1.88505163E+02
             537          1062.863   -1.90313219E+02   -1.88389808E+02
             538          1130.354   -1.90330491E+02   -1.88284944E+02
             539          1190.380   -1.90355833E+02   -1.88201659E+02
             540          1237.039   -1.90388954E+02   -1.88150345E+02
             541          1264.911   -1.90429039E+02   -1.88139990E+02
             542          1269.085   -1.90474769E+02   -1.88178168E+02
             543          1245.284   -1.90524372E+02   -1.88270842E+02
             544          1191.146   -1.90575711E+02   -1.88420153E+02
             545          1109.699   -1.90626463E+02   -1.88618294E+02
             546          1013.409   -1.90674412E+02   -1.88840496E+02
             547           921.917   -1.90717798E+02   -1.89049450E+02
             548           850.906   -1.90755421E+02   -1.89215579E+02
             549           804.074   -1.90786387E+02   -1.89331294E+02
             550           776.275   -1.90809792E+02   -1.89405006E+02
             551           760.341   -1.90824688E+02   -1.89448736E+02
             552           750.760   -1.90830301E+02   -1.89471688E+02
             553           744.323   -1.90826350E+02   -1.89479385E+02
             554           739.713   -1.90813334E+02   -1.89474711E+02
             555           737.036   -1.90792746E+02   -1.89458969E+02
             556           737.462   -1.90767124E+02   -1.89432575E+02
             557           742.922   -1.90739906E+02   -1.89395477E+02
             558           755.735   -1.90715044E+02   -1.89347426E+02
             559           778.127   -1.90696401E+02   -1.89288262E+02
             560           811.620   -1.90687030E+02   -1.89218281E+02
             561           856.363   -1.90688483E+02   -1.89138765E+02
             562           910.567   -1.90700346E+02   -1.89052538E+02
             563           970.271   -1.90720168E+02   -1.88964316E+02
             564          1029.664   -1.90743853E+02   -1.88880520E+02
             565          1081.980   -1.90766468E+02   -1.88808461E+02
             566          1120.708   -1.90783226E+02   -1.88755135E+02
             567          1140.732   -1.90790396E+02   -1.88726068E+02
             568          1139.094   -1.90785881E+02   -1.88724517E+02
             569          1115.268   -1.90769406E+02   -1.88751160E+02
             570          1071.016   -1.90742347E+02   -1.88804181E+02
             571          1009.996   -1.90707325E+02   -1.88879584E+02
             572           937.280   -1.90667704E+02   -1.88971553E+02
             573           858.840   -1.90627085E+02   -1.89072884E+02
             574           780.923   -1.90588867E+02   -1.89175670E+02
             575           709.257   -1.90555928E+02   -1.89272421E+02
             576           648.254   -1.90530444E+02   -1.89357331E+02
             577           600.580   -1.90513851E+02   -1.89427010E+02
             578           567.319   -1.90506895E+02   -1.89480246E+02
             579           548.554   -1.90509707E+02   -1.89517015E+02
             580           544.101   -1.90521861E+02   -1.89537228E+02
             581           554.233   -1.90542421E+02   -1.89539453E+02
             582           580.509   -1.90569969E+02   -1.89519450E+02
             583           626.745   -1.90602641E+02   -1.89468450E+02
             584           699.365   -1.90638131E+02   -1.89372524E+02
             585           804.363   -1.90673574E+02   -1.89217957E+02
             586           937.792   -1.90705238E+02   -1.89008161E+02
             587          1077.429   -1.90728392E+02   -1.88778622E+02
             588          1192.866   -1.90738199E+02   -1.88579528E+02
             589          1265.088   -1.90731601E+02   -1.88442234E+02
             590          1291.389   -1.90709032E+02   -1.88372069E+02
             591          1278.810   -1.90675093E+02   -1.88360893E+02
             592          1238.293   -1.90638022E+02   -1.88397144E+02
             593          1181.764   -1.90607997E+02   -1.88469416E+02
             594          1120.330   -1.90594591E+02   -1.88567184E+02
             595          1062.708   -1.90604168E+02   -1.88681036E+02
             596          1014.113   -1.90638199E+02   -1.88803008E+02
             597           976.062   -1.90693145E+02   -1.88926814E+02
             598           947.157   -1.90761793E+02   -1.89047770E+02
             599           924.412   -1.90835369E+02   -1.89162506E+02
             600           904.560   -1.90905576E+02   -1.89268638E+02
             601           884.971   -1.90966007E+02   -1.89364519E+02
             602           864.083   -1.91012753E+02   -1.89449064E+02
             603           841.445   -1.91044346E+02   -1.89521624E+02
             604           817.522   -1.91061309E+02   -1.89581879E+02
             605           793.410   -1.91065542E+02   -1.89629747E+02
             606           770.560   -1.91059726E+02   -1.89665281E+02
             607           750.579   -1.91046846E+02   -1.89688561E+02
             608           735.101   -1.91029840E+02   -1.89699563E+02
             609           725.759   -1.91011380E+02   -1.89698009E+02
             610           724.220   -1.90993763E+02   -1.89683177E+02
             611           732.271   -1.90978856E+02   -1.89653701E+02
             612           751.914   -1.90968103E+02   -1.89607400E+02
             613           785.370   -1.90962552E+02   -1.89541305E+02
             614           834.779   -1.90962890E+02   -1.89452231E+02
             615           901.343   -1.90969474E+02   -1.89338358E+02
             616           983.832   -1.90982334E+02   -1.89201941E+02
             617          1077.080   -1.91001126E+02   -1.89051988E+02
             618          1171.810   -1.91025077E+02   -1.88904509E+02
             619          1256.472   -1.91052941E+02   -1.88779165E+02
             620          1319.943   -1.91083051E+02   -1.88694414E+02
             621          1353.436   -1.91113444E+02   -1.88664198E+02
             622          1351.267   -1.91142046E+02   -1.88696724E+02
             623          1311.417   -1.91166880E+02   -1.88793673E+02
             624          1236.839   -1.91186293E+02   -1.88948045E+02
             625          1137.344   -1.91199165E+02   -1.89140970E+02
             626          1029.380   -1.91205041E+02   -1.89342221E+02
             627           930.493   -1.91204085E+02   -1.89520217E+02
             628           851.409   -1.91196890E+02   -1.89656138E+02
             629           793.576   -1.91184305E+02   -1.89748209E+02
             630           753.108   -1.91167403E+02   -1.89804540E+02
             631           725.476   -1.91147535E+02   -1.89834677E+02
             632           707.680   -1.91126329E+02   -1.89845675E+02
             633           698.399   -1.91105596E+02   -1.89841737E+02
             634           697.422   -1.91087145E+02   -1.89825055E+02
             635           705.040   -1.91072548E+02   -1.89796672E+02
             636           721.566   -1.91062898E+02   -1.89757114E+02
             637           746.967   -1.91058617E+02   -1.89706869E+02
             638           780.564   -1.91059356E+02   -1.89646808E+02
             639           820.837   -1.91064004E+02   -1.89578576E+02
             640           865.356   -1.91070838E+02   -1.89504845E+02
             641           910.925   -1.91077764E+02   -1.89429308E+02
             642           953.940   -1.91082637E+02   -1.89356338E+02
             643           990.900   -1.91083576E+02   -1.89290393E+02
             644          1018.910   -1.91079227E+02   -1.89235356E+02
             645          1036.044   -1.91068909E+02   -1.89194031E+02
             646          1041.507   -1.91052650E+02   -1.89167885E+02
             647          1035.580   -1.91031107E+02   -1.89157070E+02
             648          1019.414   -1.91005424E+02   -1.89160640E+02
             649           994.737   -1.90977052E+02   -1.89176925E+02
             650           963.518   -1.90947584E+02   -1.89203953E+02
             651           927.655   -1.90918605E+02   -1.89239873E+02
             652           888.729   -1.90891589E+02   -1.89283300E+02
             653           847.863   -1.90867819E+02   -1.89333483E+02
             654           805.769   -1.90848338E+02   -1.89390177E+02
             655           763.020   -1.90833915E+02   -1.89453115E+02
             656           720.502   -1.90825020E+02   -1.89521163E+02
             657           679.759   -1.90821805E+02   -1.89591678E+02
             658           642.897   -1.90824119E+02   -1.89660699E+02
             659           612.046   -1.90831531E+02   -1.89723942E+02
             660           588.831   -1.90843377E+02   -1.89777799E+02
             661           574.210   -1.90858799E+02   -1.89819679E+02
             662           568.680   -1.90876762E+02   -1.89847651E+02
             663           572.683   -1.90896071E+02   -1.89859715E+02
             664           587.070   -1.90915371E+02   -1.89852979E+02
             665           613.530   -1.90933161E+02   -1.89822886E+02
             666           654.783   -1.90947797E+02   -1.89762868E+02
             667           713.935   -1.90957497E+02   -1.89665524E+02
             668           791.976   -1.90960375E+02   -1.89527175E+02
             669           883.600   -1.90954618E+02   -1.89355609E+02
             670           975.586   -1.90939002E+02   -1.89173532E+02
             671          1052.472   -1.90913748E+02   -1.89009141E+02
             672          1104.974   -1.90881249E+02   -1.88881632E+02
             673          1132.582   -1.90846147E+02   -1.88796568E+02
             674          1140.430   -1.90814563E+02   -1.88750783E+02
             675          1135.266   -1.90792702E+02   -1.88738267E+02
             676          1122.838   -1.90785241E+02   -1.88753297E+02
             677          1106.667   -1.90794030E+02   -1.88791348E+02
             678          1087.853   -1.90817571E+02   -1.88848937E+02
             679          1065.650   -1.90851469E+02   -1.88923015E+02
             680          1038.531   -1.90889637E+02   -1.89010258E+02
             681          1005.317   -1.90925799E+02   -1.89106526E+02
             682           965.940   -1.90954777E+02   -1.89206764E+02
             683           921.605   -1.90973230E+02   -1.89305446E+02
             684           874.430   -1.90979793E+02   -1.89397379E+02
             685           826.880   -1.90974797E+02   -1.89478432E+02
             686           781.309   -1.90959778E+02   -1.89545882E+02
             687           739.739   -1.90936972E+02   -1.89598302E+02
             688           703.866   -1.90908913E+02   -1.89635161E+02
             689           675.167   -1.90878137E+02   -1.89656320E+02
             690           655.068   -1.90846999E+02   -1.89661554E+02
             691           645.114   -1.90817577E+02   -1.89650145E+02
             692           647.125   -1.90791618E+02   -1.89620547E+02
             693           663.287   -1.90770536E+02   -1.89570218E+02
             694           695.996   -1.90755417E+02   -1.89495906E+02
             695           747.155   -1.90747034E+02   -1.89394944E+02
             696           816.592   -1.90745834E+02   -1.89268088E+02
             697           900.000   -1.90751865E+02   -1.89123179E+02
             698           988.072   -1.90764623E+02   -1.88976557E+02
             699          1068.612   -1.90782897E+02   -1.88849082E+02
             700          1130.943   -1.90804716E+02   -1.88758103E+02
             701          1169.591   -1.90827483E+02   -1.88710931E+02
             702          1184.811   -1.90848264E+02   -1.88704171E+02
             703          1180.157   -1.90864127E+02   -1.88728454E+02
             704          1159.582   -1.90872471E+02   -1.88774032E+02
             705          1126.136   -1.90871355E+02   -1.88833441E+02
             706          1082.247   -1.90859802E+02   -1.88901312E+02
             707          1030.464   -1.90838066E+02   -1.88973285E+02
             708           973.911   -1.90807748E+02   -1.89045308E+02
             709           916.264   -1.90771700E+02   -1.89113582E+02
             710           861.390   -1.90733671E+02   -1.89174855E+02
             711           812.867   -1.90697719E+02   -1.89226714E+02
             712           773.557   -1.90667526E+02   -1.89267657E+02
             713           745.354   -1.90645725E+02   -1.89296895E+02
             714           729.103   -1.90633433E+02   -1.89314010E+02
             715           724.710   -1.90630075E+02   -1.89318603E+02
             716           731.367   -1.90633539E+02   -1.89310020E+02
             717           747.880   -1.90640610E+02   -1.89287208E+02
             718           773.004   -1.90647559E+02   -1.89248691E+02
             719           805.689   -1.90650731E+02   -1.89192715E+02
             720           845.134   -1.90647030E+02   -1.89117632E+02
             721           890.551   -1.90634226E+02   -1.89022641E+02
             722           940.642   -1.90611111E+02   -1.88908877E+02
             723           993.024   -1.90577521E+02   -1.88780494E+02
             724          1044.015   -1.90534306E+02   -1.88645003E+02
             725          1089.154   -1.90483228E+02   -1.88512239E+02
             726          1124.293   -1.90426786E+02   -1.88392207E+02
             727          1146.652   -1.90367950E+02   -1.88292909E+02
             728          1155.284   -1.90309839E+02   -1.88219178E+02
             729          1150.843   -1.90255408E+02   -1.88172783E+02
             730          1134.827   -1.90207193E+02   -1.88153552E+02
             731          1108.434   -1.90167141E+02   -1.88161262E+02
             732          1071.220   -1.90136526E+02   -1.88197992E+02
             733          1020.206   -1.90115919E+02   -1.88269702E+02
             734           951.236   -1.90105170E+02   -1.88383765E+02
             735           864.398   -1.90103396E+02   -1.88539138E+02
             736           769.850   -1.90109028E+02   -1.88715869E+02
             737           684.496   -1.90120055E+02   -1.88881357E+02
             738           620.399   -1.90134331E+02   -1.89011625E+02
             739           579.344   -1.90149707E+02   -1.89101297E+02
             740           556.985   -1.90163967E+02   -1.89156018E+02
             741           547.977   -1.90174758E+02   -1.89183111E+02
             742           548.073   -1.90179647E+02   -1.89187827E+02
             743           554.365   -1.90176293E+02   -1.89173086E+02
             744           565.014   -1.90162716E+02   -1.89140238E+02
             745           578.935   -1.90137662E+02   -1.89089992E+02
             746           595.490   -1.90101026E+02   -1.89023396E+02
             747           614.206   -1.90054325E+02   -1.88942826E+02
             748           634.623   -1.90001078E+02   -1.88852632E+02
             749           656.507   -1.89946881E+02   -1.88758833E+02
             750           680.363   -1.89898862E+02   -1.88667642E+02
             751           707.749   -1.89864331E+02   -1.88583552E+02
             752           740.889   -1.89848914E+02   -1.88508162E+02
             753           781.654   -1.89854843E+02   -1.88440322E+02
             754           830.369   -1.89880180E+02   -1.88377501E+02
             755           884.999   -1.89919247E+02   -1.88317708E+02
             756           941.140   -1.89964057E+02   -1.88260921E+02
             757           992.865   -1.90006159E+02   -1.88209419E+02
             758          1034.056   -1.90038354E+02   -1.88167073E+02
             759          1059.751   -1.90055856E+02   -1.88138076E+02
             760          1067.105   -1.90056739E+02   -1.88125651E+02
             761          1055.761   -1.90041724E+02   -1.88131165E+02
             762          1027.659   -1.90013548E+02   -1.88153844E+02
             763           986.447   -1.89976158E+02   -1.88191032E+02
             764           936.731   -1.89933949E+02   -1.88238793E+02
             765           883.335   -1.89891176E+02   -1.88292649E+02
             766           830.725   -1.89851568E+02   -1.88348246E+02
             767           782.629   -1.89818127E+02   -1.88401841E+02
             768           741.889   -1.89793083E+02   -1.88450523E+02
             769           710.493   -1.89777926E+02   -1.88492181E+02
             770           689.757   -1.89773484E+02   -1.88525264E+02
             771           680.583   -1.89780004E+02   -1.88548387E+02
             772           683.747   -1.89797216E+02   -1.88559873E+02
             773           700.177   -1.89824373E+02   -1.88557297E+02
             774           731.102   -1.89860264E+02   -1.88537225E+02
             775           777.825   -1.89903190E+02   -1.88495599E+02
             776           840.788   -1.89950882E+02   -1.88429348E+02
             777           917.982   -1.90000368E+02   -1.88339141E+02
             778          1003.701   -1.90047850E+02   -1.88231501E+02
             779          1088.814   -1.90088785E+02   -1.88118412E+02
             780          1162.448   -1.90118334E+02   -1.88014709E+02
             781          1214.289   -1.90132237E+02   -1.87934797E+02
             782          1236.801   -1.90127994E+02   -1.87889816E+02
             783          1226.882   -1.90106039E+02   -1.87885812E+02
             784          1186.599   -1.90070481E+02   -1.87923150E+02
             785          1122.817   -1.90028893E+02   -1.87996986E+02
             786          1045.753   -1.89990924E+02   -1.88098475E+02
             787           966.739   -1.89965935E+02   -1.88216476E+02
             788           895.715   -1.89960502E+02   -1.88339570E+02
             789           839.239   -1.89976773E+02   -1.88458043E+02
             790           799.669   -1.90012285E+02   -1.88565163E+02
             791           775.701   -1.90061072E+02   -1.88657324E+02
             792           763.735   -1.90115423E+02   -1.88733329E+02
             793           759.365   -1.90167617E+02   -1.88793431E+02
             794           758.536   -1.90211243E+02   -1.88838558E+02
             795           758.214   -1.90241941E+02   -1.88869838E+02
             796           756.654   -1.90257592E+02   -1.88888312E+02
             797           753.366   -1.90258113E+02   -1.88894783E+02
             798           748.925   -1.90245001E+02   -1.88889708E+02
             799           744.733   -1.90220820E+02   -1.88873112E+02
             800           742.805   -1.90188702E+02   -1.88844485E+02
             801           745.616   -1.90151960E+02   -1.88802654E+02
             802           756.012   -1.90113791E+02   -1.88745672E+02
             803           777.076   -1.90077110E+02   -1.88670873E+02
             804           811.791   -1.90044462E+02   -1.88575404E+02
             805           862.232   -1.90018015E+02   -1.88457676E+02
             806           928.182   -1.89999579E+02   -1.88319894E+02
             807          1005.753   -1.89990605E+02   -1.88170542E+02
             808          1087.334   -1.89992110E+02   -1.88024414E+02
             809          1163.524   -1.90004520E+02   -1.87898948E+02
             810          1225.822   -1.90027532E+02   -1.87809221E+02
             811          1268.243   -1.90060045E+02   -1.87764967E+02
             812          1287.542   -1.90100188E+02   -1.87770186E+02
             813          1282.987   -1.90145432E+02   -1.87823674E+02
             814          1256.377   -1.90192770E+02   -1.87919167E+02
             815          1212.231   -1.90238960E+02   -1.88045245E+02
             816          1157.420   -1.90280803E+02   -1.88186276E+02
             817          1099.590   -1.90315412E+02   -1.88325538E+02
             818          1044.759   -1.90340404E+02   -1.88449755E+02
             819           995.667   -1.90354034E+02   -1.88552224E+02
             820           952.043   -1.90355360E+02   -1.88632495E+02
             821           912.281   -1.90344485E+02   -1.88693575E+02
             822           875.145   -1.90322814E+02   -1.88739107E+02
             823           840.658   -1.90293191E+02   -1.88771892E+02
             824           810.178   -1.90259756E+02   -1.88793617E+02
             825           785.982   -1.90227460E+02   -1.88805107E+02
             826           770.661   -1.90201280E+02   -1.88806653E+02
             827           766.470   -1.90185280E+02   -1.88798236E+02
             828           774.790   -1.90181758E+02   -1.88779658E+02
             829           795.753   -1.90190731E+02   -1.88750695E+02
             830           828.094   -1.90209898E+02   -1.88711336E+02
             831           869.217   -1.90235121E+02   -1.88662140E+02
             832           915.459   -1.90261264E+02   -1.88604603E+02
             833           962.511   -1.90283185E+02   -1.88541376E+02
             834          1005.966   -1.90296623E+02   -1.88476174E+02
             835          1041.899   -1.90298816E+02   -1.88413342E+02
             836          1067.369   -1.90288769E+02   -1.88357204E+02
             837          1080.710   -1.90267175E+02   -1.88311468E+02
             838          1081.526   -1.90236098E+02   -1.88278913E+02
             839          1070.391   -1.90198519E+02   -1.88261484E+02
             840          1048.349   -1.90157872E+02   -1.88260727E+02
             841          1016.439   -1.90117641E+02   -1.88278241E+02
             842           975.580   -1.90081051E+02   -1.88315591E+02
             843           927.115   -1.90050831E+02   -1.88373076E+02
             844           873.767   -1.90029050E+02   -1.88447836E+02
             845           819.937   -1.90017002E+02   -1.88533202E+02
             846           770.661   -1.90015201E+02   -1.88620573E+02
             847           730.043   -1.90023458E+02   -1.88702335E+02
             848           700.405   -1.90041005E+02   -1.88773517E+02
             849           682.381   -1.90066590E+02   -1.88831719E+02
             850           675.451   -1.90098525E+02   -1.88876194E+02
             851           678.469   -1.90134706E+02   -1.88906913E+02
             852           690.019   -1.90172621E+02   -1.88923927E+02
             853           708.633   -1.90209393E+02   -1.88927014E+02
             854           732.932   -1.90241868E+02   -1.88915516E+02
             855           761.750   -1.90266796E+02   -1.88888294E+02
             856           794.254   -1.90281115E+02   -1.88843792E+02
             857           830.027   -1.90282352E+02   -1.88780292E+02
             858           869.046   -1.90269153E+02   -1.88696483E+02
             859           911.501   -1.90241890E+02   -1.88592391E+02
             860           957.499   -1.90203252E+02   -1.88470514E+02
             861          1006.837   -1.90158616E+02   -1.88336592E+02
             862          1059.006   -1.90115814E+02   -1.88199383E+02
             863          1113.250   -1.90083966E+02   -1.88069372E+02
             864          1168.232   -1.90071331E+02   -1.87957239E+02
             865          1221.101   -1.90082784E+02   -1.87873017E+02
             866          1266.470   -1.90117991E+02   -1.87826122E+02
             867          1296.148   -1.90171241E+02   -1.87825666E+02
             868          1300.176   -1.90233098E+02   -1.87880233E+02
             869          1269.256   -1.90293181E+02   -1.87996270E+02
             870          1198.793   -1.90342914E+02   -1.88173518E+02
             871          1094.625   -1.90377316E+02   -1.88396428E+02
             872           976.423   -1.90395377E+02   -1.88628393E+02
             873           869.621   -1.90399045E+02   -1.88825335E+02
             874           789.280   -1.90391540E+02   -1.88963219E+02
             875           735.198   -1.90376136E+02   -1.89045684E+02
             876           700.322   -1.90355820E+02   -1.89088483E+02
             877           678.586   -1.90333329E+02   -1.89105326E+02
             878           666.975   -1.90311166E+02   -1.89104175E+02
             879           664.682   -1.90291559E+02   -1.89088716E+02
             880           671.995   -1.90276403E+02   -1.89060327E+02
             881           689.570   -1.90267222E+02   -1.89019340E+02
             882           717.984   -1.90265144E+02   -1.88965844E+02
             883           757.365   -1.90270874E+02   -1.88900307E+02
             884           807.034   -1.90284652E+02   -1.88824202E+02
             885           865.170   -1.90306190E+02   -1.88740534E+02
             886           928.647   -1.90334605E+02   -1.88654077E+02
             887           993.131   -1.90368363E+02   -1.88571143E+02
             888          1053.465   -1.90405288E+02   -1.88498885E+02
             889          1104.229   -1.90442654E+02   -1.88444384E+02
             890          1140.352   -1.90477391E+02   -1.88413752E+02
             891          1157.696   -1.90506413E+02   -1.88411386E+02
             892          1153.633   -1.90527033E+02   -1.88439360E+02
             893          1127.558   -1.90537430E+02   -1.88496943E+02
             894          1081.315   -1.90537063E+02   -1.88580261E+02
             895          1019.330   -1.90526929E+02   -1.88682297E+02
             896           948.219   -1.90509530E+02   -1.88793585E+02
             897           875.685   -1.90488520E+02   -1.88903836E+02
             898           808.957   -1.90468075E+02   -1.89004145E+02
             899           753.452   -1.90452165E+02   -1.89088680E+02
             900           712.244   -1.90443904E+02   -1.89154991E+02
             901           686.326   -1.90445077E+02   -1.89203067E+02
             902           675.229   -1.90455927E+02   -1.89233998E+02
             903           677.625   -1.90475197E+02   -1.89248931E+02
             904           691.808   -1.90500425E+02   -1.89248494E+02
             905           716.076   -1.90528411E+02   -1.89232563E+02
             906           749.085   -1.90555760E+02   -1.89200177E+02
             907           790.137   -1.90579375E+02   -1.89149504E+02
             908           839.345   -1.90596819E+02   -1.89077897E+02
             909           897.496   -1.90606504E+02   -1.88982349E+02
             910           965.350   -1.90607729E+02   -1.88860782E+02
             911          1042.261   -1.90600610E+02   -1.88714480E+02
             912          1124.573   -1.90585991E+02   -1.88550905E+02
             913          1205.046   -1.90565362E+02   -1.88384649E+02
             914          1274.290   -1.90540757E+02   -1.88234736E+02
             915          1323.440   -1.90514574E+02   -1.88119610E+02
             916          1346.094   -1.90489324E+02   -1.88053364E+02
             917          1338.564   -1.90467349E+02   -1.88045015E+02
             918          1299.208   -1.90450597E+02   -1.88099485E+02
             919          1228.468   -1.90440455E+02   -1.88217356E+02
             920          1131.021   -1.90437659E+02   -1.88390906E+02
             921          1019.077   -1.90442260E+02   -1.88598087E+02
             922           911.575   -1.90453733E+02   -1.88804099E+02
             923           825.530   -1.90471202E+02   -1.88977280E+02
             924           767.651   -1.90493669E+02   -1.89104489E+02
             925           735.286   -1.90520042E+02   -1.89189430E+02
             926           722.289   -1.90549037E+02   -1.89241946E+02
             927           722.856   -1.90579088E+02   -1.89270972E+02
             928           732.535   -1.90608325E+02   -1.89282691E+02
             929           748.003   -1.90634619E+02   -1.89280994E+02
             930           766.652   -1.90655694E+02   -1.89268321E+02
             931           786.334   -1.90669293E+02   -1.89246302E+02
             932           805.293   -1.90673435E+02   -1.89216136E+02
             933           822.245   -1.90666737E+02   -1.89178760E+02
             934           836.557   -1.90648783E+02   -1.89134906E+02
             935           848.445   -1.90620483E+02   -1.89085094E+02
             936           859.115   -1.90584318E+02   -1.89029619E+02
             937           870.764   -1.90544345E+02   -1.88968566E+02
             938           886.358   -1.90505848E+02   -1.88901850E+02
             939           909.199   -1.90474597E+02   -1.88829263E+02
             940           942.373   -1.90455799E+02   -1.88750432E+02
             941           988.296   -1.90452965E+02   -1.88664493E+02
             942          1048.649   -1.90467038E+02   -1.88569350E+02
             943          1124.676   -1.90496092E+02   -1.88460821E+02
             944          1217.099   -1.90535715E+02   -1.88333189E+02
             945          1324.237   -1.90579913E+02   -1.88183505E+02
             946          1437.817   -1.90622183E+02   -1.88020236E+02
             947          1539.473   -1.90656535E+02   -1.87870626E+02
             948          1603.035   -1.90678454E+02   -1.87777521E+02
             949          1602.878   -1.90685726E+02   -1.87785075E+02
             950          1524.425   -1.90678804E+02   -1.87920127E+02
             951          1375.478   -1.90660502E+02   -1.88171367E+02
             952          1192.470   -1.90634988E+02   -1.88477033E+02
             953          1023.255   -1.90606371E+02   -1.88754637E+02
             954           894.404   -1.90577723E+02   -1.88959163E+02
             955           805.140   -1.90551066E+02   -1.89094044E+02
             956           744.976   -1.90527807E+02   -1.89179661E+02
             957           705.367   -1.90509000E+02   -1.89232532E+02
             958           681.478   -1.90495426E+02   -1.89262188E+02
             959           670.925   -1.90487607E+02   -1.89273466E+02
             960           672.643   -1.90485812E+02   -1.89268564E+02
             961           686.238   -1.90490056E+02   -1.89248206E+02
             962           711.611   -1.90500086E+02   -1.89212318E+02
             963           748.634   -1.90515357E+02   -1.89160591E+02
             964           796.747   -1.90534988E+02   -1.89093155E+02
             965           854.471   -1.90557714E+02   -1.89011418E+02
             966           918.929   -1.90581827E+02   -1.88918887E+02
             967           985.616   -1.90605170E+02   -1.88821549E+02
             968          1048.676   -1.90625193E+02   -1.88727455E+02
             969          1101.698   -1.90639150E+02   -1.88645461E+02
             970          1138.783   -1.90644431E+02   -1.88583631E+02
             971          1155.539   -1.90639019E+02   -1.88547896E+02
             972          1149.722   -1.90621999E+02   -1.88541404E+02
             973          1121.364   -1.90594008E+02   -1.88564730E+02
             974          1072.294   -1.90557484E+02   -1.88617006E+02
             975          1005.069   -1.90516588E+02   -1.88697765E+02
             976           921.928   -1.90476704E+02   -1.88808335E+02
             977           825.547   -1.90443503E+02   -1.88949552E+02
             978           723.060   -1.90421665E+02   -1.89113179E+02
             979           628.775   -1.90413650E+02   -1.89275787E+02
             980           557.387   -1.90419294E+02   -1.89410618E+02
             981           514.377   -1.90436441E+02   -1.89505598E+02
             982           496.352   -1.90461791E+02   -1.89563567E+02
             983           497.024   -1.90491443E+02   -1.89592002E+02
             984           510.801   -1.90521287E+02   -1.89596915E+02
             985           533.564   -1.90547430E+02   -1.89581865E+02
             986           562.394   -1.90566568E+02   -1.89548832E+02
             987           595.093   -1.90576269E+02   -1.89499358E+02
             988           629.729   -1.90575109E+02   -1.89435519E+02
             989           664.311   -1.90562718E+02   -1.89360547E+02
             990           696.780   -1.90539744E+02   -1.89278816E+02
             991           725.359   -1.90507752E+02   -1.89195104E+02
             992           749.087   -1.90469058E+02   -1.89113471E+02
             993           768.161   -1.90426492E+02   -1.89036388E+02
             994           783.890   -1.90383128E+02   -1.88964561E+02
             995           798.317   -1.90342023E+02   -1.88897348E+02
             996           813.762   -1.90306013E+02   -1.88833388E+02
             997           832.420   -1.90277555E+02   -1.88771165E+02
             998           856.075   -1.90258625E+02   -1.88709428E+02
             999           885.854   -1.90250631E+02   -1.88647543E+02
            1000           922.012   -1.90254346E+02   -1.88585826E+02
--------------------------------------------------------------------------------
  End of simulation.

  Expected temperature:        900.000
  Averaged temperature:        903.504

  Expected variance of temperature:      38571.429
  Variance of temperature:               53051.284

